# JRE version: Java(TM) SE Runtime Environment (8.0_05-b13) (build 1.8.0_05-b13)
# Java VM: Java HotSpot(TM) 64-Bit Server VM (25.5-b02 mixed mode windows-amd64 compressed oops)
Heap:
 PSYoungGen      total 1536K, used 496K [0x00000000ec000000, 0x00000000ec200000, 0x0000000100000000)
  eden space 1024K, 0% used [0x00000000ec000000,0x00000000ec000000,0x00000000ec100000)
  from space 512K, 96% used [0x00000000ec180000,0x00000000ec1fc010,0x00000000ec200000)
  to   space 512K, 0% used [0x00000000ec100000,0x00000000ec100000,0x00000000ec180000)
 ParOldGen       total 59904K, used 648K [0x00000000c4000000, 0x00000000c7a80000, 0x00000000ec000000)
  object space 59904K, 1% used [0x00000000c4000000,0x00000000c40a2010,0x00000000c7a80000)
 Metaspace       used 6890K, capacity 6936K, committed 7040K, reserved 1060864K
  class space    used 831K, capacity 854K, committed 896K, reserved 1048576K
GC Heap History (9 events):
Event: 0.169 GC heap before
{Heap before GC invocations=1 (full 0):
 PSYoungGen      total 1024K, used 512K [0x00000000ec000000, 0x00000000ec180000, 0x0000000100000000)
  eden space 512K, 100% used [0x00000000ec000000,0x00000000ec080000,0x00000000ec080000)
  from space 512K, 0% used [0x00000000ec100000,0x00000000ec100000,0x00000000ec180000)
  to   space 512K, 0% used [0x00000000ec080000,0x00000000ec080000,0x00000000ec100000)
 ParOldGen       total 59904K, used 0K [0x00000000c4000000, 0x00000000c7a80000, 0x00000000ec000000)
  object space 59904K, 0% used [0x00000000c4000000,0x00000000c4000000,0x00000000c7a80000)
 Metaspace       used 3011K, capacity 4494K, committed 4864K, reserved 1056768K
  class space    used 338K, capacity 386K, committed 512K, reserved 1048576K
Event: 0.176 GC heap after
Heap after GC invocations=1 (full 0):
 PSYoungGen      total 1024K, used 368K [0x00000000ec000000, 0x00000000ec200000, 0x0000000100000000)
  eden space 512K, 0% used [0x00000000ec000000,0x00000000ec000000,0x00000000ec080000)
  from space 512K, 71% used [0x00000000ec080000,0x00000000ec0dc010,0x00000000ec100000)
  to   space 512K, 0% used [0x00000000ec180000,0x00000000ec180000,0x00000000ec200000)
 ParOldGen       total 59904K, used 0K [0x00000000c4000000, 0x00000000c7a80000, 0x00000000ec000000)
  object space 59904K, 0% used [0x00000000c4000000,0x00000000c4000000,0x00000000c7a80000)
 Metaspace       used 3011K, capacity 4494K, committed 4864K, reserved 1056768K
  class space    used 338K, capacity 386K, committed 512K, reserved 1048576K
}
Event: 0.272 GC heap before
{Heap before GC invocations=2 (full 0):
 PSYoungGen      total 1024K, used 880K [0x00000000ec000000, 0x00000000ec200000, 0x0000000100000000)
  eden space 512K, 100% used [0x00000000ec000000,0x00000000ec080000,0x00000000ec080000)
  from space 512K, 71% used [0x00000000ec080000,0x00000000ec0dc010,0x00000000ec100000)
  to   space 512K, 0% used [0x00000000ec180000,0x00000000ec180000,0x00000000ec200000)
 ParOldGen       total 59904K, used 0K [0x00000000c4000000, 0x00000000c7a80000, 0x00000000ec000000)
  object space 59904K, 0% used [0x00000000c4000000,0x00000000c4000000,0x00000000c7a80000)
 Metaspace       used 4516K, capacity 4664K, committed 4992K, reserved 1056768K
  class space    used 509K, capacity 539K, committed 640K, reserved 1048576K
Event: 0.287 GC heap after
Heap after GC invocations=2 (full 0):
 PSYoungGen      total 1536K, used 480K [0x00000000ec000000, 0x00000000ec200000, 0x0000000100000000)
  eden space 1024K, 0% used [0x00000000ec000000,0x00000000ec000000,0x00000000ec100000)
  from space 512K, 93% used [0x00000000ec180000,0x00000000ec1f8020,0x00000000ec200000)
  to   space 512K, 0% used [0x00000000ec100000,0x00000000ec100000,0x00000000ec180000)
 ParOldGen       total 59904K, used 16K [0x00000000c4000000, 0x00000000c7a80000, 0x00000000ec000000)
  object space 59904K, 0% used [0x00000000c4000000,0x00000000c4004000,0x00000000c7a80000)
 Metaspace       used 4516K, capacity 4664K, committed 4992K, reserved 1056768K
  class space    used 509K, capacity 539K, committed 640K, reserved 1048576K
}
Event: 0.557 GC heap before
{Heap before GC invocations=3 (full 0):
 PSYoungGen      total 1536K, used 1504K [0x00000000ec000000, 0x00000000ec200000, 0x0000000100000000)
  eden space 1024K, 100% used [0x00000000ec000000,0x00000000ec100000,0x00000000ec100000)
  from space 512K, 93% used [0x00000000ec180000,0x00000000ec1f8020,0x00000000ec200000)
  to   space 512K, 0% used [0x00000000ec100000,0x00000000ec100000,0x00000000ec180000)
 ParOldGen       total 59904K, used 16K [0x00000000c4000000, 0x00000000c7a80000, 0x00000000ec000000)
  object space 59904K, 0% used [0x00000000c4000000,0x00000000c4004000,0x00000000c7a80000)
 Metaspace       used 6212K, capacity 6322K, committed 6400K, reserved 1056768K
  class space    used 716K, capacity 756K, committed 768K, reserved 1048576K
Event: 0.560 GC heap after
Heap after GC invocations=3 (full 0):
 PSYoungGen      total 1536K, used 512K [0x00000000ec000000, 0x00000000ec200000, 0x0000000100000000)
  eden space 1024K, 0% used [0x00000000ec000000,0x00000000ec000000,0x00000000ec100000)
  from space 512K, 100% used [0x00000000ec100000,0x00000000ec180000,0x00000000ec180000)
  to   space 512K, 0% used [0x00000000ec180000,0x00000000ec180000,0x00000000ec200000)
 ParOldGen       total 59904K, used 512K [0x00000000c4000000, 0x00000000c7a80000, 0x00000000ec000000)
  object space 59904K, 0% used [0x00000000c4000000,0x00000000c4080010,0x00000000c7a80000)
 Metaspace       used 6212K, capacity 6322K, committed 6400K, reserved 1056768K
  class space    used 716K, capacity 756K, committed 768K, reserved 1048576K
}
Event: 0.600 GC heap before
{Heap before GC invocations=4 (full 0):
 PSYoungGen      total 1536K, used 678K [0x00000000ec000000, 0x00000000ec200000, 0x0000000100000000)
  eden space 1024K, 16% used [0x00000000ec000000,0x00000000ec029810,0x00000000ec100000)
  from space 512K, 100% used [0x00000000ec100000,0x00000000ec180000,0x00000000ec180000)
  to   space 512K, 0% used [0x00000000ec180000,0x00000000ec180000,0x00000000ec200000)
 ParOldGen       total 59904K, used 512K [0x00000000c4000000, 0x00000000c7a80000, 0x00000000ec000000)
  object space 59904K, 0% used [0x00000000c4000000,0x00000000c4080010,0x00000000c7a80000)
 Metaspace       used 6890K, capacity 6936K, committed 7040K, reserved 1060864K
  class space    used 831K, capacity 854K, committed 896K, reserved 1048576K
Event: 0.608 GC heap after
Heap after GC invocations=4 (full 0):
 PSYoungGen      total 1536K, used 496K [0x00000000ec000000, 0x00000000ec200000, 0x0000000100000000)
  eden space 1024K, 0% used [0x00000000ec000000,0x00000000ec000000,0x00000000ec100000)
  from space 512K, 96% used [0x00000000ec180000,0x00000000ec1fc010,0x00000000ec200000)
  to   space 512K, 0% used [0x00000000ec100000,0x00000000ec100000,0x00000000ec180000)
 ParOldGen       total 59904K, used 648K [0x00000000c4000000, 0x00000000c7a80000, 0x00000000ec000000)
  object space 59904K, 1% used [0x00000000c4000000,0x00000000c40a2010,0x00000000c7a80000)
 Metaspace       used 6890K, capacity 6936K, committed 7040K, reserved 1060864K
  class space    used 831K, capacity 854K, committed 896K, reserved 1048576K
}
Event: 0.700 GC heap before
{Heap before GC invocations=5 (full 1):
 PSYoungGen      total 1536K, used 496K [0x00000000ec000000, 0x00000000ec200000, 0x0000000100000000)
  eden space 1024K, 0% used [0x00000000ec000000,0x00000000ec000000,0x00000000ec100000)
  from space 512K, 96% used [0x00000000ec180000,0x00000000ec1fc010,0x00000000ec200000)
  to   space 512K, 0% used [0x00000000ec100000,0x00000000ec100000,0x00000000ec180000)
 ParOldGen       total 59904K, used 648K [0x00000000c4000000, 0x00000000c7a80000, 0x00000000ec000000)
  object space 59904K, 1% used [0x00000000c4000000,0x00000000c40a2010,0x00000000c7a80000)
 Metaspace       used 6890K, capacity 6936K, committed 7040K, reserved 1060864K
  class space    used 831K, capacity 854K, committed 896K, reserved 1048576K

