# JRE version: Java(TM) SE Runtime Environment (8.0_05-b13) (build 1.8.0_05-b13)
# Java VM: Java HotSpot(TM) 64-Bit Server VM (25.5-b02 mixed mode windows-amd64 compressed oops)
Heap:
 PSYoungGen      total 3584K, used 2828K [0x00000000ec000000, 0x00000000ec680000, 0x0000000100000000)
  eden space 2048K, 64% used [0x00000000ec000000,0x00000000ec14b058,0x00000000ec200000)
  from space 1536K, 97% used [0x00000000ec200000,0x00000000ec378000,0x00000000ec380000)
  to   space 2048K, 0% used [0x00000000ec480000,0x00000000ec480000,0x00000000ec680000)
 ParOldGen       total 6656K, used 1113K [0x00000000c4000000, 0x00000000c4680000, 0x00000000ec000000)
  object space 6656K, 16% used [0x00000000c4000000,0x00000000c41164c8,0x00000000c4680000)
 Metaspace       used 9371K, capacity 9492K, committed 9728K, reserved 1060864K
  class space    used 1217K, capacity 1272K, committed 1280K, reserved 1048576K
GC Heap History (10 events):
Event: 1.120 GC heap before
{Heap before GC invocations=6 (full 1):
 PSYoungGen      total 1536K, used 1504K [0x00000000ec000000, 0x00000000ec200000, 0x0000000100000000)
  eden space 1024K, 100% used [0x00000000ec000000,0x00000000ec100000,0x00000000ec100000)
  from space 512K, 93% used [0x00000000ec180000,0x00000000ec1f8000,0x00000000ec200000)
  to   space 512K, 0% used [0x00000000ec100000,0x00000000ec100000,0x00000000ec180000)
 ParOldGen       total 6656K, used 545K [0x00000000c4000000, 0x00000000c4680000, 0x00000000ec000000)
  object space 6656K, 8% used [0x00000000c4000000,0x00000000c40884c8,0x00000000c4680000)
 Metaspace       used 9052K, capacity 9140K, committed 9216K, reserved 1060864K
  class space    used 1190K, capacity 1240K, committed 1280K, reserved 1048576K
Event: 1.123 GC heap after
Heap after GC invocations=6 (full 1):
 PSYoungGen      total 1536K, used 512K [0x00000000ec000000, 0x00000000ec380000, 0x0000000100000000)
  eden space 1024K, 0% used [0x00000000ec000000,0x00000000ec000000,0x00000000ec100000)
  from space 512K, 100% used [0x00000000ec100000,0x00000000ec180000,0x00000000ec180000)
  to   space 1024K, 0% used [0x00000000ec280000,0x00000000ec280000,0x00000000ec380000)
 ParOldGen       total 6656K, used 1057K [0x00000000c4000000, 0x00000000c4680000, 0x00000000ec000000)
  object space 6656K, 15% used [0x00000000c4000000,0x00000000c41084c8,0x00000000c4680000)
 Metaspace       used 9052K, capacity 9140K, committed 9216K, reserved 1060864K
  class space    used 1190K, capacity 1240K, committed 1280K, reserved 1048576K
}
Event: 1.962 GC heap before
{Heap before GC invocations=7 (full 1):
 PSYoungGen      total 1536K, used 1534K [0x00000000ec000000, 0x00000000ec380000, 0x0000000100000000)
  eden space 1024K, 99% used [0x00000000ec000000,0x00000000ec0ffbe0,0x00000000ec100000)
  from space 512K, 100% used [0x00000000ec100000,0x00000000ec180000,0x00000000ec180000)
  to   space 1024K, 0% used [0x00000000ec280000,0x00000000ec280000,0x00000000ec380000)
 ParOldGen       total 6656K, used 1057K [0x00000000c4000000, 0x00000000c4680000, 0x00000000ec000000)
  object space 6656K, 15% used [0x00000000c4000000,0x00000000c41084c8,0x00000000c4680000)
 Metaspace       used 9263K, capacity 9364K, committed 9472K, reserved 1060864K
  class space    used 1215K, capacity 1272K, committed 1280K, reserved 1048576K
Event: 1.965 GC heap after
Heap after GC invocations=7 (full 1):
 PSYoungGen      total 2560K, used 832K [0x00000000ec000000, 0x00000000ec380000, 0x0000000100000000)
  eden space 1536K, 0% used [0x00000000ec000000,0x00000000ec000000,0x00000000ec180000)
  from space 1024K, 81% used [0x00000000ec280000,0x00000000ec350000,0x00000000ec380000)
  to   space 1024K, 0% used [0x00000000ec180000,0x00000000ec180000,0x00000000ec280000)
 ParOldGen       total 6656K, used 1065K [0x00000000c4000000, 0x00000000c4680000, 0x00000000ec000000)
  object space 6656K, 16% used [0x00000000c4000000,0x00000000c410a4c8,0x00000000c4680000)
 Metaspace       used 9263K, capacity 9364K, committed 9472K, reserved 1060864K
  class space    used 1215K, capacity 1272K, committed 1280K, reserved 1048576K
}
Event: 3.934 GC heap before
{Heap before GC invocations=8 (full 1):
 PSYoungGen      total 2560K, used 2368K [0x00000000ec000000, 0x00000000ec380000, 0x0000000100000000)
  eden space 1536K, 100% used [0x00000000ec000000,0x00000000ec180000,0x00000000ec180000)
  from space 1024K, 81% used [0x00000000ec280000,0x00000000ec350000,0x00000000ec380000)
  to   space 1024K, 0% used [0x00000000ec180000,0x00000000ec180000,0x00000000ec280000)
 ParOldGen       total 6656K, used 1065K [0x00000000c4000000, 0x00000000c4680000, 0x00000000ec000000)
  object space 6656K, 16% used [0x00000000c4000000,0x00000000c410a4c8,0x00000000c4680000)
 Metaspace       used 9333K, capacity 9428K, committed 9472K, reserved 1060864K
  class space    used 1215K, capacity 1272K, committed 1280K, reserved 1048576K
Event: 3.936 GC heap after
Heap after GC invocations=8 (full 1):
 PSYoungGen      total 2560K, used 1024K [0x00000000ec000000, 0x00000000ec500000, 0x0000000100000000)
  eden space 1536K, 0% used [0x00000000ec000000,0x00000000ec000000,0x00000000ec180000)
  from space 1024K, 100% used [0x00000000ec180000,0x00000000ec280000,0x00000000ec280000)
  to   space 1536K, 0% used [0x00000000ec380000,0x00000000ec380000,0x00000000ec500000)
 ParOldGen       total 6656K, used 1097K [0x00000000c4000000, 0x00000000c4680000, 0x00000000ec000000)
  object space 6656K, 16% used [0x00000000c4000000,0x00000000c41124c8,0x00000000c4680000)
 Metaspace       used 9333K, capacity 9428K, committed 9472K, reserved 1060864K
  class space    used 1215K, capacity 1272K, committed 1280K, reserved 1048576K
}
Event: 5.530 GC heap before
{Heap before GC invocations=9 (full 1):
 PSYoungGen      total 2560K, used 2560K [0x00000000ec000000, 0x00000000ec500000, 0x0000000100000000)
  eden space 1536K, 100% used [0x00000000ec000000,0x00000000ec180000,0x00000000ec180000)
  from space 1024K, 100% used [0x00000000ec180000,0x00000000ec280000,0x00000000ec280000)
  to   space 1536K, 0% used [0x00000000ec380000,0x00000000ec380000,0x00000000ec500000)
 ParOldGen       total 6656K, used 1097K [0x00000000c4000000, 0x00000000c4680000, 0x00000000ec000000)
  object space 6656K, 16% used [0x00000000c4000000,0x00000000c41124c8,0x00000000c4680000)
 Metaspace       used 9347K, capacity 9492K, committed 9728K, reserved 1060864K
  class space    used 1215K, capacity 1272K, committed 1280K, reserved 1048576K
Event: 5.533 GC heap after
Heap after GC invocations=9 (full 1):
 PSYoungGen      total 3584K, used 1344K [0x00000000ec000000, 0x00000000ec500000, 0x0000000100000000)
  eden space 2048K, 0% used [0x00000000ec000000,0x00000000ec000000,0x00000000ec200000)
  from space 1536K, 87% used [0x00000000ec380000,0x00000000ec4d0000,0x00000000ec500000)
  to   space 1536K, 0% used [0x00000000ec200000,0x00000000ec200000,0x00000000ec380000)
 ParOldGen       total 6656K, used 1105K [0x00000000c4000000, 0x00000000c4680000, 0x00000000ec000000)
  object space 6656K, 16% used [0x00000000c4000000,0x00000000c41144c8,0x00000000c4680000)
 Metaspace       used 9347K, capacity 9492K, committed 9728K, reserved 1060864K
  class space    used 1215K, capacity 1272K, committed 1280K, reserved 1048576K
}
Event: 6.127 GC heap before
{Heap before GC invocations=10 (full 1):
 PSYoungGen      total 3584K, used 3392K [0x00000000ec000000, 0x00000000ec500000, 0x0000000100000000)
  eden space 2048K, 100% used [0x00000000ec000000,0x00000000ec200000,0x00000000ec200000)
  from space 1536K, 87% used [0x00000000ec380000,0x00000000ec4d0000,0x00000000ec500000)
  to   space 1536K, 0% used [0x00000000ec200000,0x00000000ec200000,0x00000000ec380000)
 ParOldGen       total 6656K, used 1105K [0x00000000c4000000, 0x00000000c4680000, 0x00000000ec000000)
  object space 6656K, 16% used [0x00000000c4000000,0x00000000c41144c8,0x00000000c4680000)
 Metaspace       used 9370K, capacity 9492K, committed 9728K, reserved 1060864K
  class space    used 1217K, capacity 1272K, committed 1280K, reserved 1048576K
Event: 6.129 GC heap after
Heap after GC invocations=10 (full 1):
 PSYoungGen      total 3584K, used 1504K [0x00000000ec000000, 0x00000000ec680000, 0x0000000100000000)
  eden space 2048K, 0% used [0x00000000ec000000,0x00000000ec000000,0x00000000ec200000)
  from space 1536K, 97% used [0x00000000ec200000,0x00000000ec378000,0x00000000ec380000)
  to   space 2048K, 0% used [0x00000000ec480000,0x00000000ec480000,0x00000000ec680000)
 ParOldGen       total 6656K, used 1113K [0x00000000c4000000, 0x00000000c4680000, 0x00000000ec000000)
  object space 6656K, 16% used [0x00000000c4000000,0x00000000c41164c8,0x00000000c4680000)
 Metaspace       used 9370K, capacity 9492K, committed 9728K, reserved 1060864K
  class space    used 1217K, capacity 1272K, committed 1280K, reserved 1048576K
}

